\BOOKMARK [1][-]{section*.1}{\376\377\000C\000o\000p\000y\000r\000i\000g\000h\000t}{}% 1
\BOOKMARK [1][-]{section*.2}{\376\377\000D\000e\000d\000i\000c\000a\000t\000i\000o\000n}{}% 2
\BOOKMARK [1][-]{section*.3}{\376\377\000R\000u\000b\000r\000i\000c\000s}{}% 3
\BOOKMARK [1][-]{section*.9}{\376\377\000K\000a\000l\000e\000n\000d\000a\000r\000\040\000o\000f\000\040\000t\000h\000e\000\040\000Y\000e\000a\000r}{}% 4
\BOOKMARK [0][-]{section*.10}{\376\377\000D\000a\000i\000l\000y\000\040\000O\000f\000f\000i\000c\000e\000\040\000L\000e\000c\000t\000i\000o\000n\000a\000r\000y}{}% 5
\BOOKMARK [1][-]{section*.11}{\376\377\000P\000r\000o\000p\000e\000r\000\040\000o\000f\000\040\000S\000e\000a\000s\000o\000n}{section*.10}% 6
\BOOKMARK [1][-]{section*.12}{\376\377\000F\000e\000a\000s\000t\000s\000\040\000o\000f\000\040\000t\000h\000e\000\040\000Y\000e\000a\000r}{section*.10}% 7
\BOOKMARK [1][-]{section*.13}{\376\377\000C\000o\000m\000m\000o\000n\000\040\000o\000f\000\040\000S\000a\000i\000n\000t\000s}{section*.10}% 8
\BOOKMARK [0][-]{section*.17}{\376\377\000D\000a\000i\000l\000y\000\040\000O\000f\000f\000i\000c\000e}{}% 9
\BOOKMARK [1][-]{section*.18}{\376\377\000F\000o\000r\000e\000-\000O\000f\000f\000i\000c\000e}{section*.17}% 10
\BOOKMARK [1][-]{section*.23}{\376\377\000T\000h\000e\000\040\000O\000r\000d\000e\000r\000\040\000f\000o\000r\000\040\000D\000a\000i\000l\000y\000\040\000M\000o\000r\000n\000i\000n\000g\000\040\000P\000r\000a\000y\000e\000r}{section*.17}% 11
\BOOKMARK [1][-]{section*.40}{\376\377\000O\000l\000d\000\040\000T\000e\000s\000t\000a\000m\000e\000n\000t\000\040\000C\000a\000n\000t\000i\000c\000l\000e\000s}{section*.17}% 12
\BOOKMARK [1][-]{section*.53}{\376\377\000H\000o\000u\000r\000\040\000o\000f\000\040\000P\000r\000i\000m\000e}{section*.17}% 13
\BOOKMARK [1][-]{section*.66}{\376\377\000P\000r\000e\000t\000i\000o\000s\000a}{section*.17}% 14
\BOOKMARK [1][-]{section*.67}{\376\377\000C\000o\000m\000m\000e\000m\000o\000r\000a\000t\000i\000o\000n\000\040\000o\000f\000\040\000t\000h\000e\000\040\000F\000a\000i\000t\000h\000f\000u\000l\000\040\000D\000e\000p\000a\000r\000t\000e\000d}{section*.17}% 15
\BOOKMARK [1][-]{section*.69}{\376\377\000A\000t\000h\000a\000n\000a\000s\000i\000a\000n\000\040\000C\000r\000e\000e\000d}{section*.17}% 16
\BOOKMARK [1][-]{section*.70}{\376\377\000H\000o\000u\000r\000\040\000o\000f\000\040\000T\000e\000r\000c\000e}{section*.17}% 17
\BOOKMARK [1][-]{section*.82}{\376\377\000H\000o\000u\000r\000\040\000o\000f\000\040\000S\000e\000x\000t}{section*.17}% 18
\BOOKMARK [1][-]{section*.94}{\376\377\000H\000o\000u\000r\000\040\000o\000f\000\040\000N\000o\000n\000e}{section*.17}% 19
\BOOKMARK [1][-]{section*.106}{\376\377\000T\000h\000e\000\040\000O\000r\000d\000e\000r\000\040\000f\000o\000r\000\040\000D\000a\000i\000l\000y\000\040\000E\000v\000e\000n\000i\000n\000g\000\040\000P\000r\000a\000y\000e\000r}{section*.17}% 20
\BOOKMARK [1][-]{section*.122}{\376\377\000H\000o\000u\000r\000\040\000o\000f\000\040\000C\000o\000m\000p\000l\000i\000n\000e}{section*.17}% 21
\BOOKMARK [1][-]{section*.138}{\376\377\000M\000a\000r\000i\000a\000n\000\040\000A\000n\000t\000h\000e\000m\000s}{section*.17}% 22
\BOOKMARK [0][-]{section*.143}{\376\377\000P\000r\000a\000y\000e\000r\000s\000\040\000\046\000\040\000T\000h\000a\000n\000k\000s\000g\000i\000v\000i\000n\000g\000s}{}% 23
\BOOKMARK [1][-]{section*.144}{\376\377\000P\000r\000a\000y\000e\000r\000s}{section*.143}% 24
\BOOKMARK [1][-]{section*.185}{\376\377\000T\000h\000a\000n\000k\000s\000g\000i\000v\000i\000n\000g\000s}{section*.143}% 25
\BOOKMARK [0][-]{section*.196}{\376\377\000L\000i\000t\000a\000n\000i\000e\000s\000\040\000\046\000\040\000O\000f\000f\000i\000c\000e\000s}{}% 26
\BOOKMARK [1][-]{section*.197}{\376\377\000G\000r\000e\000a\000t\000\040\000L\000i\000t\000a\000n\000y}{section*.196}% 27
\BOOKMARK [1][-]{section*.198}{\376\377\000A\000\040\000P\000e\000n\000i\000t\000e\000n\000t\000i\000a\000l\000\040\000O\000f\000f\000i\000c\000e}{section*.196}% 28
\BOOKMARK [1][-]{section*.200}{\376\377\000B\000l\000e\000s\000s\000i\000n\000g\000\040\000o\000f\000\040\000B\000a\000p\000t\000i\000s\000m\000a\000l\000\040\000W\000a\000t\000e\000r\000s}{section*.196}% 29
\BOOKMARK [1][-]{section*.202}{\376\377\000L\000i\000t\000a\000n\000y\000\040\000o\000f\000\040\000S\000a\000i\000n\000t\000s}{section*.196}% 30
\BOOKMARK [0][-]{section*.206}{\376\377\000O\000f\000f\000i\000c\000e\000\040\000o\000f\000\040\000t\000h\000e\000\040\000D\000e\000a\000d}{}% 31
\BOOKMARK [1][-]{section*.207}{\376\377\000V\000e\000s\000p\000e\000r\000s\000\040\000o\000f\000\040\000t\000h\000e\000\040\000D\000e\000a\000d}{section*.206}% 32
\BOOKMARK [1][-]{section*.218}{\376\377\000M\000a\000t\000i\000n\000s\000\040\000o\000f\000\040\000t\000h\000e\000\040\000D\000e\000a\000d}{section*.206}% 33
\BOOKMARK [1][-]{section*.243}{\376\377\000L\000a\000u\000d\000s\000\040\000o\000f\000\040\000t\000h\000e\000\040\000D\000e\000a\000d}{section*.206}% 34
\BOOKMARK [0][-]{section*.254}{\376\377\000E\000u\000c\000h\000a\000r\000i\000s\000t\000i\000c\000\040\000D\000e\000v\000o\000t\000i\000o\000n\000s}{}% 35
\BOOKMARK [1][-]{section*.255}{\376\377\000B\000e\000n\000e\000d\000i\000c\000t\000i\000o\000n\000\040\000o\000f\000\040\000t\000h\000e\000\040\000B\000l\000e\000s\000s\000e\000d\000\040\000S\000a\000c\000r\000a\000m\000e\000n\000t}{section*.254}% 36
\BOOKMARK [1][-]{section*.260}{\376\377\000P\000r\000e\000p\000a\000r\000a\000t\000i\000o\000n\000\040\000f\000o\000r\000\040\000H\000o\000l\000y\000\040\000C\000o\000m\000m\000u\000n\000i\000o\000n}{section*.254}% 37
\BOOKMARK [1][-]{section*.277}{\376\377\000T\000h\000a\000n\000k\000s\000g\000i\000v\000i\000n\000g\000\040\000f\000o\000r\000\040\000H\000o\000l\000y\000\040\000C\000o\000m\000m\000u\000n\000i\000o\000n}{section*.254}% 38
\BOOKMARK [1][-]{section*.278}{\376\377\000A\000s\000p\000e\000r\000s\000i\000o\000n\000\040\000o\000f\000\040\000t\000h\000e\000\040\000P\000e\000o\000p\000l\000e}{section*.254}% 39
\BOOKMARK [1][-]{section*.281}{\376\377\000P\000r\000a\000y\000e\000r\000s\000\040\000a\000t\000\040\000t\000h\000e\000\040\000F\000o\000o\000t\000\040\000o\000f\000\040\000t\000h\000e\000\040\000A\000l\000t\000a\000r}{section*.254}% 40
\BOOKMARK [0][-]{section*.282}{\376\377\000H\000o\000l\000y\000\040\000M\000a\000s\000s}{}% 41
\BOOKMARK [1][-]{section*.283}{\376\377\000L\000i\000t\000u\000r\000g\000y\000\040\000o\000f\000\040\000S\000t\000.\000\040\000T\000i\000k\000h\000o\000n}{section*.282}% 42
\BOOKMARK [1][-]{section*.313}{\376\377\000P\000r\000e\000-\000C\000o\000m\000m\000u\000n\000i\000o\000n\000\040\000H\000y\000m\000n}{section*.282}% 43
\BOOKMARK [1][-]{section*.314}{\376\377\000P\000r\000e\000f\000a\000c\000e\000s\000\040\000f\000o\000r\000\040\000t\000h\000e\000\040\000M\000a\000s\000s}{section*.282}% 44
\BOOKMARK [0][-]{section*.332}{\376\377\000P\000r\000o\000p\000e\000r\000s\000\040\000o\000f\000\040\000t\000h\000e\000\040\000C\000h\000u\000r\000c\000h\000\040\000Y\000e\000a\000r}{}% 45
\BOOKMARK [1][-]{section*.333}{\376\377\000P\000r\000o\000p\000e\000r\000\040\000o\000f\000\040\000t\000h\000e\000\040\000S\000e\000a\000s\000o\000n}{section*.332}% 46
\BOOKMARK [1][-]{section*.1017}{\376\377\000P\000r\000o\000p\000e\000r\000\040\000o\000f\000\040\000S\000a\000i\000n\000t\000s}{section*.332}% 47
\BOOKMARK [1][-]{section*.1409}{\376\377\000T\000a\000b\000l\000e\000\040\000o\000f\000\040\000P\000r\000a\000y\000e\000r\000s}{section*.332}% 48
\BOOKMARK [0][-]{section*.1624}{\376\377\000V\000o\000t\000i\000v\000e\000\040\000M\000a\000s\000s\000e\000s}{}% 49
\BOOKMARK [1][-]{section*.1625}{\376\377\000O\000u\000r\000\040\000L\000a\000d\000y\000\040\000o\000n\000\040\000S\000a\000t\000u\000r\000d\000a\000y}{section*.1624}% 50
\BOOKMARK [1][-]{section*.1663}{\376\377\000M\000a\000s\000s\000\040\000o\000f\000\040\000t\000h\000e\000\040\000A\000n\000g\000e\000l\000s}{section*.1624}% 51
\BOOKMARK [1][-]{section*.1670}{\376\377\000H\000o\000l\000y\000\040\000M\000a\000t\000r\000i\000m\000o\000n\000y}{section*.1624}% 52
\BOOKMARK [1][-]{section*.1677}{\376\377\000M\000a\000s\000s\000e\000s\000\040\000f\000o\000r\000\040\000t\000h\000e\000\040\000D\000e\000a\000d}{section*.1624}% 53
\BOOKMARK [0][-]{section*.1693}{\376\377\000P\000a\000s\000t\000o\000r\000a\000l\000\040\000R\000i\000t\000e\000s}{}% 54
\BOOKMARK [1][-]{section*.1694}{\376\377\000S\000a\000c\000r\000a\000m\000e\000n\000t\000\040\000o\000f\000\040\000B\000a\000p\000t\000i\000s\000m\000\040\000f\000o\000r\000\040\000I\000n\000f\000a\000n\000t\000s}{section*.1693}% 55
\BOOKMARK [1][-]{section*.1700}{\376\377\000S\000a\000c\000r\000a\000m\000e\000n\000t\000\040\000o\000f\000\040\000B\000a\000p\000t\000i\000s\000m\000\040\000f\000o\000r\000\040\000A\000d\000u\000l\000t\000s}{section*.1693}% 56
\BOOKMARK [1][-]{section*.1711}{\376\377\000S\000a\000c\000r\000a\000m\000e\000n\000t\000\040\000o\000f\000\040\000P\000e\000n\000a\000n\000c\000e}{section*.1693}% 57
\BOOKMARK [1][-]{section*.1712}{\376\377\000R\000e\000c\000e\000p\000t\000i\000o\000n\000\040\000o\000f\000\040\000C\000o\000n\000v\000e\000r\000t\000s}{section*.1693}% 58
\BOOKMARK [1][-]{section*.1720}{\376\377\000S\000a\000c\000r\000a\000m\000e\000n\000t\000\040\000o\000f\000\040\000C\000o\000n\000f\000i\000r\000m\000a\000t\000i\000o\000n}{section*.1693}% 59
\BOOKMARK [1][-]{section*.1724}{\376\377\000S\000a\000c\000r\000a\000m\000e\000n\000t\000\040\000o\000f\000\040\000M\000a\000t\000r\000i\000m\000o\000n\000y}{section*.1693}% 60
\BOOKMARK [1][-]{section*.1732}{\376\377\000P\000u\000r\000i\000f\000i\000c\000a\000t\000i\000o\000n\000\040\000o\000f\000\040\000W\000o\000m\000e\000n\000\040\000a\000f\000t\000e\000r\000\040\000C\000h\000i\000l\000d\000b\000i\000r\000t\000h}{section*.1693}% 61
\BOOKMARK [1][-]{section*.1734}{\376\377\000S\000a\000c\000r\000a\000m\000e\000n\000t\000\040\000o\000f\000\040\000H\000o\000l\000y\000\040\000U\000n\000c\000t\000i\000o\000n}{section*.1693}% 62
\BOOKMARK [1][-]{section*.1748}{\376\377\000C\000o\000m\000m\000u\000n\000i\000o\000n\000\040\000o\000f\000\040\000t\000h\000e\000\040\000S\000i\000c\000k}{section*.1693}% 63
\BOOKMARK [1][-]{section*.1749}{\376\377\000T\000h\000e\000\040\000O\000r\000d\000e\000r\000\040\000f\000o\000r\000\040\000t\000h\000e\000\040\000B\000u\000r\000i\000a\000l\000\040\000o\000f\000\040\000t\000h\000e\000\040\000D\000e\000a\000d}{section*.1693}% 64
\BOOKMARK [1][-]{section*.1766}{\376\377\000A\000t\000\040\000t\000h\000e\000\040\000B\000u\000r\000i\000a\000l\000\040\000o\000f\000\040\000a\000\040\000C\000h\000i\000l\000d}{section*.1693}% 65
\BOOKMARK [0][-]{section*.1772}{\376\377\000F\000o\000r\000m\000s\000\040\000o\000f\000\040\000P\000r\000a\000y\000e\000r\000\040\000t\000o\000\040\000b\000e\000\040\000u\000s\000e\000d\000\040\000i\000n\000\040\000F\000a\000m\000i\000l\000i\000e\000s}{}% 66
\BOOKMARK [0][-]{section*.1808}{\376\377\000P\000s\000a\000l\000t\000e\000r\000\040\000o\000f\000\040\000D\000a\000v\000i\000d}{}% 67
